-- The C compiler identification is GNU 11.2.0
-- The CXX compiler identification is GNU 11.2.0
-- Detecting C compiler ABI info
-- Detecting C compiler ABI info - done
-- Check for working C compiler: /usr/bin/cc - skipped
-- Detecting C compile features
-- Detecting C compile features - done
-- Detecting CXX compiler ABI info
-- Detecting CXX compiler ABI info - done
-- Check for working CXX compiler: /usr/bin/c++ - skipped
-- Detecting CXX compile features
-- Detecting CXX compile features - done
-- Found ament_cmake: 1.3.2 (/opt/ros/humble/share/ament_cmake/cmake)
-- Found Python3: /usr/bin/python3.10 (found version "3.10.4") found components: Interpreter 
-- Found ament_lint_auto: 0.12.4 (/opt/ros/humble/share/ament_lint_auto/cmake)
WARNING: Package name "Nut_Controller" does not follow the naming conventions. It should start with a lower case letter and only contain lower case letters, digits, underscores, and dashes.
-- Added test 'lint_cmake' to check CMake code style
-- Added test 'xmllint' to check XML markup files
-- Configuring done
-- Generating done
-- Build files have been written to: /home/matt/workspace/Nut/src/build/Nut_Controller
-- Install configuration: ""
-- Installing: /home/matt/workspace/Nut/src/install/Nut_Controller/share/ament_index/resource_index/package_run_dependencies/Nut_Controller
-- Installing: /home/matt/workspace/Nut/src/install/Nut_Controller/share/ament_index/resource_index/parent_prefix_path/Nut_Controller
-- Installing: /home/matt/workspace/Nut/src/install/Nut_Controller/share/Nut_Controller/environment/ament_prefix_path.sh
-- Installing: /home/matt/workspace/Nut/src/install/Nut_Controller/share/Nut_Controller/environment/ament_prefix_path.dsv
-- Installing: /home/matt/workspace/Nut/src/install/Nut_Controller/share/Nut_Controller/environment/path.sh
-- Installing: /home/matt/workspace/Nut/src/install/Nut_Controller/share/Nut_Controller/environment/path.dsv
-- Installing: /home/matt/workspace/Nut/src/install/Nut_Controller/share/Nut_Controller/local_setup.bash
-- Installing: /home/matt/workspace/Nut/src/install/Nut_Controller/share/Nut_Controller/local_setup.sh
-- Installing: /home/matt/workspace/Nut/src/install/Nut_Controller/share/Nut_Controller/local_setup.zsh
-- Installing: /home/matt/workspace/Nut/src/install/Nut_Controller/share/Nut_Controller/local_setup.dsv
-- Installing: /home/matt/workspace/Nut/src/install/Nut_Controller/share/Nut_Controller/package.dsv
-- Installing: /home/matt/workspace/Nut/src/install/Nut_Controller/share/ament_index/resource_index/packages/Nut_Controller
-- Installing: /home/matt/workspace/Nut/src/install/Nut_Controller/share/Nut_Controller/cmake/Nut_ControllerConfig.cmake
-- Installing: /home/matt/workspace/Nut/src/install/Nut_Controller/share/Nut_Controller/cmake/Nut_ControllerConfig-version.cmake
-- Installing: /home/matt/workspace/Nut/src/install/Nut_Controller/share/Nut_Controller/package.xml
