[0.009s] Invoking command in '/home/matt/workspace/Nut/src/build/Nut_Controller': CMAKE_PREFIX_PATH=/opt/ros/humble CONDA_PROMPT_MODIFIER=(bolt) /usr/bin/cmake /home/matt/workspace/Nut/src/Nut_Controller -DCMAKE_INSTALL_PREFIX=/home/matt/workspace/Nut/src/install/Nut_Controller
[0.044s] -- The C compiler identification is GNU 11.2.0
[0.081s] -- The CXX compiler identification is GNU 11.2.0
[0.086s] -- Detecting C compiler ABI info
[0.134s] -- Detecting C compiler ABI info - done
[0.141s] -- Check for working C compiler: /usr/bin/cc - skipped
[0.141s] -- Detecting C compile features
[0.141s] -- Detecting C compile features - done
[0.144s] -- Detecting CXX compiler ABI info
[0.196s] -- Detecting CXX compiler ABI info - done
[0.202s] -- Check for working CXX compiler: /usr/bin/c++ - skipped
[0.203s] -- Detecting CXX compile features
[0.203s] -- Detecting CXX compile features - done
[0.208s] -- Found ament_cmake: 1.3.2 (/opt/ros/humble/share/ament_cmake/cmake)
[0.335s] -- Found Python3: /usr/bin/python3.10 (found version "3.10.4") found components: Interpreter 
[0.406s] -- Found ament_lint_auto: 0.12.4 (/opt/ros/humble/share/ament_lint_auto/cmake)
[0.444s] WARNING: Package name "Nut_Controller" does not follow the naming conventions. It should start with a lower case letter and only contain lower case letters, digits, underscores, and dashes.
[0.465s] -- Added test 'lint_cmake' to check CMake code style
[0.466s] -- Added test 'xmllint' to check XML markup files
[0.467s] -- Configuring done
[0.469s] -- Generating done
[0.470s] -- Build files have been written to: /home/matt/workspace/Nut/src/build/Nut_Controller
[0.474s] Invoked command in '/home/matt/workspace/Nut/src/build/Nut_Controller' returned '0': CMAKE_PREFIX_PATH=/opt/ros/humble CONDA_PROMPT_MODIFIER=(bolt) /usr/bin/cmake /home/matt/workspace/Nut/src/Nut_Controller -DCMAKE_INSTALL_PREFIX=/home/matt/workspace/Nut/src/install/Nut_Controller
[0.474s] Invoking command in '/home/matt/workspace/Nut/src/build/Nut_Controller': CMAKE_PREFIX_PATH=/opt/ros/humble CONDA_PROMPT_MODIFIER=(bolt) /usr/bin/cmake --build /home/matt/workspace/Nut/src/build/Nut_Controller -- -j12 -l12
[0.495s] Invoked command in '/home/matt/workspace/Nut/src/build/Nut_Controller' returned '0': CMAKE_PREFIX_PATH=/opt/ros/humble CONDA_PROMPT_MODIFIER=(bolt) /usr/bin/cmake --build /home/matt/workspace/Nut/src/build/Nut_Controller -- -j12 -l12
[0.516s] Invoking command in '/home/matt/workspace/Nut/src/build/Nut_Controller': CMAKE_PREFIX_PATH=/opt/ros/humble CONDA_PROMPT_MODIFIER=(bolt) /usr/bin/cmake --install /home/matt/workspace/Nut/src/build/Nut_Controller
[0.522s] -- Install configuration: ""
[0.523s] -- Installing: /home/matt/workspace/Nut/src/install/Nut_Controller/share/ament_index/resource_index/package_run_dependencies/Nut_Controller
[0.523s] -- Installing: /home/matt/workspace/Nut/src/install/Nut_Controller/share/ament_index/resource_index/parent_prefix_path/Nut_Controller
[0.523s] -- Installing: /home/matt/workspace/Nut/src/install/Nut_Controller/share/Nut_Controller/environment/ament_prefix_path.sh
[0.523s] -- Installing: /home/matt/workspace/Nut/src/install/Nut_Controller/share/Nut_Controller/environment/ament_prefix_path.dsv
[0.524s] -- Installing: /home/matt/workspace/Nut/src/install/Nut_Controller/share/Nut_Controller/environment/path.sh
[0.524s] -- Installing: /home/matt/workspace/Nut/src/install/Nut_Controller/share/Nut_Controller/environment/path.dsv
[0.524s] -- Installing: /home/matt/workspace/Nut/src/install/Nut_Controller/share/Nut_Controller/local_setup.bash
[0.524s] -- Installing: /home/matt/workspace/Nut/src/install/Nut_Controller/share/Nut_Controller/local_setup.sh
[0.524s] -- Installing: /home/matt/workspace/Nut/src/install/Nut_Controller/share/Nut_Controller/local_setup.zsh
[0.524s] -- Installing: /home/matt/workspace/Nut/src/install/Nut_Controller/share/Nut_Controller/local_setup.dsv
[0.524s] -- Installing: /home/matt/workspace/Nut/src/install/Nut_Controller/share/Nut_Controller/package.dsv
[0.524s] -- Installing: /home/matt/workspace/Nut/src/install/Nut_Controller/share/ament_index/resource_index/packages/Nut_Controller
[0.525s] -- Installing: /home/matt/workspace/Nut/src/install/Nut_Controller/share/Nut_Controller/cmake/Nut_ControllerConfig.cmake
[0.525s] -- Installing: /home/matt/workspace/Nut/src/install/Nut_Controller/share/Nut_Controller/cmake/Nut_ControllerConfig-version.cmake
[0.525s] -- Installing: /home/matt/workspace/Nut/src/install/Nut_Controller/share/Nut_Controller/package.xml
[0.526s] Invoked command in '/home/matt/workspace/Nut/src/build/Nut_Controller' returned '0': CMAKE_PREFIX_PATH=/opt/ros/humble CONDA_PROMPT_MODIFIER=(bolt) /usr/bin/cmake --install /home/matt/workspace/Nut/src/build/Nut_Controller
