[0.008s] Invoking command in '/home/matt/workspace/Nut/src/build/nut_controller': CMAKE_PREFIX_PATH=/opt/ros/humble CONDA_PROMPT_MODIFIER=(bolt) /usr/bin/cmake /home/matt/workspace/Nut/src/nut_controller -DCMAKE_INSTALL_PREFIX=/home/matt/workspace/Nut/src/install/nut_controller
[0.044s] -- The C compiler identification is GNU 11.2.0
[0.080s] -- The CXX compiler identification is GNU 11.2.0
[0.085s] -- Detecting C compiler ABI info
[0.129s] -- Detecting C compiler ABI info - done
[0.135s] -- Check for working C compiler: /usr/bin/cc - skipped
[0.135s] -- Detecting C compile features
[0.136s] -- Detecting C compile features - done
[0.138s] -- Detecting CXX compiler ABI info
[0.190s] -- Detecting CXX compiler ABI info - done
[0.196s] -- Check for working CXX compiler: /usr/bin/c++ - skipped
[0.196s] -- Detecting CXX compile features
[0.197s] -- Detecting CXX compile features - done
[0.198s] -- Found ament_cmake: 1.3.2 (/opt/ros/humble/share/ament_cmake/cmake)
[0.321s] -- Found Python3: /usr/bin/python3.10 (found version "3.10.4") found components: Interpreter 
[0.377s] -- Found ament_lint_auto: 0.12.4 (/opt/ros/humble/share/ament_lint_auto/cmake)
[0.428s] -- Added test 'lint_cmake' to check CMake code style
[0.429s] -- Added test 'xmllint' to check XML markup files
[0.430s] -- Configuring done
[0.432s] -- Generating done
[0.432s] -- Build files have been written to: /home/matt/workspace/Nut/src/build/nut_controller
[0.436s] Invoked command in '/home/matt/workspace/Nut/src/build/nut_controller' returned '0': CMAKE_PREFIX_PATH=/opt/ros/humble CONDA_PROMPT_MODIFIER=(bolt) /usr/bin/cmake /home/matt/workspace/Nut/src/nut_controller -DCMAKE_INSTALL_PREFIX=/home/matt/workspace/Nut/src/install/nut_controller
[0.437s] Invoking command in '/home/matt/workspace/Nut/src/build/nut_controller': CMAKE_PREFIX_PATH=/opt/ros/humble CONDA_PROMPT_MODIFIER=(bolt) /usr/bin/cmake --build /home/matt/workspace/Nut/src/build/nut_controller -- -j12 -l12
[0.458s] Invoked command in '/home/matt/workspace/Nut/src/build/nut_controller' returned '0': CMAKE_PREFIX_PATH=/opt/ros/humble CONDA_PROMPT_MODIFIER=(bolt) /usr/bin/cmake --build /home/matt/workspace/Nut/src/build/nut_controller -- -j12 -l12
[0.476s] Invoking command in '/home/matt/workspace/Nut/src/build/nut_controller': CMAKE_PREFIX_PATH=/opt/ros/humble CONDA_PROMPT_MODIFIER=(bolt) /usr/bin/cmake --install /home/matt/workspace/Nut/src/build/nut_controller
[0.480s] -- Install configuration: ""
[0.480s] -- Installing: /home/matt/workspace/Nut/src/install/nut_controller/share/ament_index/resource_index/package_run_dependencies/nut_controller
[0.480s] -- Installing: /home/matt/workspace/Nut/src/install/nut_controller/share/ament_index/resource_index/parent_prefix_path/nut_controller
[0.480s] -- Installing: /home/matt/workspace/Nut/src/install/nut_controller/share/nut_controller/environment/ament_prefix_path.sh
[0.480s] -- Installing: /home/matt/workspace/Nut/src/install/nut_controller/share/nut_controller/environment/ament_prefix_path.dsv
[0.480s] -- Installing: /home/matt/workspace/Nut/src/install/nut_controller/share/nut_controller/environment/path.sh
[0.480s] -- Installing: /home/matt/workspace/Nut/src/install/nut_controller/share/nut_controller/environment/path.dsv
[0.480s] -- Installing: /home/matt/workspace/Nut/src/install/nut_controller/share/nut_controller/local_setup.bash
[0.481s] -- Installing: /home/matt/workspace/Nut/src/install/nut_controller/share/nut_controller/local_setup.sh
[0.481s] -- Installing: /home/matt/workspace/Nut/src/install/nut_controller/share/nut_controller/local_setup.zsh
[0.481s] -- Installing: /home/matt/workspace/Nut/src/install/nut_controller/share/nut_controller/local_setup.dsv
[0.481s] -- Installing: /home/matt/workspace/Nut/src/install/nut_controller/share/nut_controller/package.dsv
[0.481s] -- Installing: /home/matt/workspace/Nut/src/install/nut_controller/share/ament_index/resource_index/packages/nut_controller
[0.481s] -- Installing: /home/matt/workspace/Nut/src/install/nut_controller/share/nut_controller/cmake/nut_controllerConfig.cmake
[0.481s] -- Installing: /home/matt/workspace/Nut/src/install/nut_controller/share/nut_controller/cmake/nut_controllerConfig-version.cmake
[0.481s] -- Installing: /home/matt/workspace/Nut/src/install/nut_controller/share/nut_controller/package.xml
[0.482s] Invoked command in '/home/matt/workspace/Nut/src/build/nut_controller' returned '0': CMAKE_PREFIX_PATH=/opt/ros/humble CONDA_PROMPT_MODIFIER=(bolt) /usr/bin/cmake --install /home/matt/workspace/Nut/src/build/nut_controller
