[0.202s] DEBUG:colcon:Command line arguments: ['/usr/bin/colcon', 'build']
[0.202s] DEBUG:colcon:Parsed command line arguments: Namespace(log_base=None, log_level=None, verb_name='build', build_base='build', install_base='install', merge_install=False, symlink_install=False, test_result_base=None, continue_on_error=False, executor='parallel', parallel_workers=12, event_handlers=None, ignore_user_meta=False, metas=['./colcon.meta'], base_paths=['.'], packages_ignore=None, packages_ignore_regex=None, paths=None, packages_up_to=None, packages_up_to_regex=None, packages_above=None, packages_above_and_dependencies=None, packages_above_depth=None, packages_select_by_dep=None, packages_skip_by_dep=None, packages_skip_up_to=None, packages_select_build_failed=False, packages_skip_build_finished=False, packages_select_test_failures=False, packages_skip_test_passed=False, packages_select=None, packages_skip=None, packages_select_regex=None, packages_skip_regex=None, packages_start=None, packages_end=None, allow_overriding=[], cmake_args=None, cmake_target=None, cmake_target_skip_unavailable=False, cmake_clean_cache=False, cmake_clean_first=False, cmake_force_configure=False, ament_cmake_args=None, catkin_cmake_args=None, catkin_skip_building_tests=False, verb_parser=<colcon_defaults.argument_parser.defaults.DefaultArgumentsDecorator object at 0x7f8423a78eb0>, verb_extension=<colcon_core.verb.build.BuildVerb object at 0x7f84243b3e20>, main=<bound method BuildVerb.main of <colcon_core.verb.build.BuildVerb object at 0x7f84243b3e20>>)
[0.217s] Level 1:colcon.colcon_core.package_discovery:discover_packages(colcon_meta) check parameters
[0.217s] Level 1:colcon.colcon_core.package_discovery:discover_packages(recursive) check parameters
[0.217s] Level 1:colcon.colcon_core.package_discovery:discover_packages(ignore) check parameters
[0.218s] Level 1:colcon.colcon_core.package_discovery:discover_packages(path) check parameters
[0.218s] Level 1:colcon.colcon_core.package_discovery:discover_packages(colcon_meta) discover
[0.218s] Level 1:colcon.colcon_core.package_discovery:discover_packages(recursive) discover
[0.218s] INFO:colcon.colcon_core.package_discovery:Crawling recursively for packages in '/home/matt/workspace/Nut/src'
[0.218s] Level 1:colcon.colcon_core.package_identification:_identify(.) by extensions ['ignore', 'ignore_ament_install']
[0.218s] Level 1:colcon.colcon_core.package_identification:_identify(.) by extension 'ignore'
[0.218s] Level 1:colcon.colcon_core.package_identification:_identify(.) by extension 'ignore_ament_install'
[0.218s] Level 1:colcon.colcon_core.package_identification:_identify(.) by extensions ['colcon_pkg']
[0.218s] Level 1:colcon.colcon_core.package_identification:_identify(.) by extension 'colcon_pkg'
[0.218s] Level 1:colcon.colcon_core.package_identification:_identify(.) by extensions ['colcon_meta']
[0.218s] Level 1:colcon.colcon_core.package_identification:_identify(.) by extension 'colcon_meta'
[0.218s] Level 1:colcon.colcon_core.package_identification:_identify(.) by extensions ['ros']
[0.218s] Level 1:colcon.colcon_core.package_identification:_identify(.) by extension 'ros'
[0.231s] Level 1:colcon.colcon_core.package_identification:_identify(.) by extensions ['cmake', 'python']
[0.231s] Level 1:colcon.colcon_core.package_identification:_identify(.) by extension 'cmake'
[0.231s] Level 1:colcon.colcon_core.package_identification:_identify(.) by extension 'python'
[0.231s] Level 1:colcon.colcon_core.package_identification:_identify(.) by extensions ['python_setup_py']
[0.231s] Level 1:colcon.colcon_core.package_identification:_identify(.) by extension 'python_setup_py'
[0.231s] Level 1:colcon.colcon_core.package_identification:_identify(build) by extensions ['ignore', 'ignore_ament_install']
[0.231s] Level 1:colcon.colcon_core.package_identification:_identify(build) by extension 'ignore'
[0.231s] Level 1:colcon.colcon_core.package_identification:_identify(build) ignored
[0.231s] Level 1:colcon.colcon_core.package_identification:_identify(install) by extensions ['ignore', 'ignore_ament_install']
[0.231s] Level 1:colcon.colcon_core.package_identification:_identify(install) by extension 'ignore'
[0.232s] Level 1:colcon.colcon_core.package_identification:_identify(install) ignored
[0.232s] Level 1:colcon.colcon_core.package_identification:_identify(log) by extensions ['ignore', 'ignore_ament_install']
[0.232s] Level 1:colcon.colcon_core.package_identification:_identify(log) by extension 'ignore'
[0.232s] Level 1:colcon.colcon_core.package_identification:_identify(log) ignored
[0.232s] Level 1:colcon.colcon_core.package_identification:_identify(nut_controller) by extensions ['ignore', 'ignore_ament_install']
[0.232s] Level 1:colcon.colcon_core.package_identification:_identify(nut_controller) by extension 'ignore'
[0.232s] Level 1:colcon.colcon_core.package_identification:_identify(nut_controller) by extension 'ignore_ament_install'
[0.232s] Level 1:colcon.colcon_core.package_identification:_identify(nut_controller) by extensions ['colcon_pkg']
[0.232s] Level 1:colcon.colcon_core.package_identification:_identify(nut_controller) by extension 'colcon_pkg'
[0.232s] Level 1:colcon.colcon_core.package_identification:_identify(nut_controller) by extensions ['colcon_meta']
[0.232s] Level 1:colcon.colcon_core.package_identification:_identify(nut_controller) by extension 'colcon_meta'
[0.232s] Level 1:colcon.colcon_core.package_identification:_identify(nut_controller) by extensions ['ros']
[0.232s] Level 1:colcon.colcon_core.package_identification:_identify(nut_controller) by extension 'ros'
[0.234s] DEBUG:colcon.colcon_core.package_identification:Package 'nut_controller' with type 'ros.ament_cmake' and name 'nut_controller'
[0.234s] Level 1:colcon.colcon_core.package_discovery:discover_packages(recursive) using defaults
[0.234s] Level 1:colcon.colcon_core.package_discovery:discover_packages(ignore) discover
[0.234s] Level 1:colcon.colcon_core.package_discovery:discover_packages(ignore) using defaults
[0.234s] Level 1:colcon.colcon_core.package_discovery:discover_packages(path) discover
[0.234s] Level 1:colcon.colcon_core.package_discovery:discover_packages(path) using defaults
[0.249s] Level 1:colcon.colcon_core.package_discovery:discover_packages(prefix_path) check parameters
[0.249s] Level 1:colcon.colcon_core.package_discovery:discover_packages(prefix_path) discover
[0.252s] DEBUG:colcon.colcon_installed_package_information.package_discovery:Found 270 installed packages in /opt/ros/humble
[0.253s] Level 1:colcon.colcon_core.package_discovery:discover_packages(prefix_path) using defaults
[0.294s] Level 5:colcon.colcon_core.verb:set package 'nut_controller' build argument 'cmake_args' from command line to 'None'
[0.294s] Level 5:colcon.colcon_core.verb:set package 'nut_controller' build argument 'cmake_target' from command line to 'None'
[0.294s] Level 5:colcon.colcon_core.verb:set package 'nut_controller' build argument 'cmake_target_skip_unavailable' from command line to 'False'
[0.294s] Level 5:colcon.colcon_core.verb:set package 'nut_controller' build argument 'cmake_clean_cache' from command line to 'False'
[0.294s] Level 5:colcon.colcon_core.verb:set package 'nut_controller' build argument 'cmake_clean_first' from command line to 'False'
[0.294s] Level 5:colcon.colcon_core.verb:set package 'nut_controller' build argument 'cmake_force_configure' from command line to 'False'
[0.294s] Level 5:colcon.colcon_core.verb:set package 'nut_controller' build argument 'ament_cmake_args' from command line to 'None'
[0.294s] Level 5:colcon.colcon_core.verb:set package 'nut_controller' build argument 'catkin_cmake_args' from command line to 'None'
[0.294s] Level 5:colcon.colcon_core.verb:set package 'nut_controller' build argument 'catkin_skip_building_tests' from command line to 'False'
[0.294s] DEBUG:colcon.colcon_core.verb:Building package 'nut_controller' with the following arguments: {'ament_cmake_args': None, 'build_base': '/home/matt/workspace/Nut/src/build/nut_controller', 'catkin_cmake_args': None, 'catkin_skip_building_tests': False, 'cmake_args': None, 'cmake_clean_cache': False, 'cmake_clean_first': False, 'cmake_force_configure': False, 'cmake_target': None, 'cmake_target_skip_unavailable': False, 'install_base': '/home/matt/workspace/Nut/src/install/nut_controller', 'merge_install': False, 'path': '/home/matt/workspace/Nut/src/nut_controller', 'symlink_install': False, 'test_result_base': None}
[0.295s] INFO:colcon.colcon_core.executor:Executing jobs using 'parallel' executor
[0.298s] DEBUG:colcon.colcon_parallel_executor.executor.parallel:run_until_complete
[0.298s] INFO:colcon.colcon_ros.task.ament_cmake.build:Building ROS package in '/home/matt/workspace/Nut/src/nut_controller' with build type 'ament_cmake'
[0.298s] INFO:colcon.colcon_cmake.task.cmake.build:Building CMake package in '/home/matt/workspace/Nut/src/nut_controller'
[0.301s] INFO:colcon.colcon_core.plugin_system:Skipping extension 'colcon_core.shell.bat': Not used on non-Windows systems
[0.301s] INFO:colcon.colcon_core.shell:Skip shell extension 'powershell' for command environment: Not usable outside of PowerShell
[0.301s] DEBUG:colcon.colcon_core.shell:Skip shell extension 'dsv' for command environment
[0.307s] DEBUG:colcon.colcon_core.event_handler.log_command:Invoking command in '/home/matt/workspace/Nut/src/build/nut_controller': CMAKE_PREFIX_PATH=/opt/ros/humble CONDA_PROMPT_MODIFIER=(bolt) /usr/bin/cmake /home/matt/workspace/Nut/src/nut_controller -DCMAKE_INSTALL_PREFIX=/home/matt/workspace/Nut/src/install/nut_controller
[0.734s] DEBUG:colcon.colcon_core.event_handler.log_command:Invoked command in '/home/matt/workspace/Nut/src/build/nut_controller' returned '0': CMAKE_PREFIX_PATH=/opt/ros/humble CONDA_PROMPT_MODIFIER=(bolt) /usr/bin/cmake /home/matt/workspace/Nut/src/nut_controller -DCMAKE_INSTALL_PREFIX=/home/matt/workspace/Nut/src/install/nut_controller
[0.736s] DEBUG:colcon.colcon_core.event_handler.log_command:Invoking command in '/home/matt/workspace/Nut/src/build/nut_controller': CMAKE_PREFIX_PATH=/opt/ros/humble CONDA_PROMPT_MODIFIER=(bolt) /usr/bin/cmake --build /home/matt/workspace/Nut/src/build/nut_controller -- -j12 -l12
[0.756s] DEBUG:colcon.colcon_core.event_handler.log_command:Invoked command in '/home/matt/workspace/Nut/src/build/nut_controller' returned '0': CMAKE_PREFIX_PATH=/opt/ros/humble CONDA_PROMPT_MODIFIER=(bolt) /usr/bin/cmake --build /home/matt/workspace/Nut/src/build/nut_controller -- -j12 -l12
[0.774s] DEBUG:colcon.colcon_core.event_handler.log_command:Invoking command in '/home/matt/workspace/Nut/src/build/nut_controller': CMAKE_PREFIX_PATH=/opt/ros/humble CONDA_PROMPT_MODIFIER=(bolt) /usr/bin/cmake --install /home/matt/workspace/Nut/src/build/nut_controller
[0.780s] Level 1:colcon.colcon_core.environment:create_environment_scripts_only(nut_controller)
[0.781s] DEBUG:colcon.colcon_core.event_handler.log_command:Invoked command in '/home/matt/workspace/Nut/src/build/nut_controller' returned '0': CMAKE_PREFIX_PATH=/opt/ros/humble CONDA_PROMPT_MODIFIER=(bolt) /usr/bin/cmake --install /home/matt/workspace/Nut/src/build/nut_controller
[0.784s] Level 1:colcon.colcon_core.environment:checking '/home/matt/workspace/Nut/src/install/nut_controller' for CMake module files
[0.784s] Level 1:colcon.colcon_core.environment:checking '/home/matt/workspace/Nut/src/install/nut_controller' for CMake config files
[0.784s] Level 1:colcon.colcon_core.shell:create_environment_hook('nut_controller', 'cmake_prefix_path')
[0.785s] INFO:colcon.colcon_core.shell:Creating environment hook '/home/matt/workspace/Nut/src/install/nut_controller/share/nut_controller/hook/cmake_prefix_path.ps1'
[0.786s] INFO:colcon.colcon_core.shell:Creating environment descriptor '/home/matt/workspace/Nut/src/install/nut_controller/share/nut_controller/hook/cmake_prefix_path.dsv'
[0.786s] INFO:colcon.colcon_core.shell:Creating environment hook '/home/matt/workspace/Nut/src/install/nut_controller/share/nut_controller/hook/cmake_prefix_path.sh'
[0.787s] Level 1:colcon.colcon_core.environment:checking '/home/matt/workspace/Nut/src/install/nut_controller/bin'
[0.787s] Level 1:colcon.colcon_core.environment:checking '/home/matt/workspace/Nut/src/install/nut_controller/lib/pkgconfig/nut_controller.pc'
[0.787s] Level 1:colcon.colcon_core.environment:checking '/home/matt/workspace/Nut/src/install/nut_controller/lib/python3.10/site-packages'
[0.787s] Level 1:colcon.colcon_core.environment:checking '/home/matt/workspace/Nut/src/install/nut_controller/bin'
[0.788s] INFO:colcon.colcon_core.shell:Creating package script '/home/matt/workspace/Nut/src/install/nut_controller/share/nut_controller/package.ps1'
[0.789s] INFO:colcon.colcon_core.shell:Creating package descriptor '/home/matt/workspace/Nut/src/install/nut_controller/share/nut_controller/package.dsv'
[0.789s] INFO:colcon.colcon_core.shell:Creating package script '/home/matt/workspace/Nut/src/install/nut_controller/share/nut_controller/package.sh'
[0.790s] INFO:colcon.colcon_core.shell:Creating package script '/home/matt/workspace/Nut/src/install/nut_controller/share/nut_controller/package.bash'
[0.790s] INFO:colcon.colcon_core.shell:Creating package script '/home/matt/workspace/Nut/src/install/nut_controller/share/nut_controller/package.zsh'
[0.791s] Level 1:colcon.colcon_core.environment:create_file_with_runtime_dependencies(/home/matt/workspace/Nut/src/install/nut_controller/share/colcon-core/packages/nut_controller)
[0.805s] Level 1:colcon.colcon_core.environment:create_environment_scripts_only(nut_controller)
[0.807s] Level 1:colcon.colcon_core.environment:checking '/home/matt/workspace/Nut/src/install/nut_controller' for CMake module files
[0.807s] Level 1:colcon.colcon_core.environment:checking '/home/matt/workspace/Nut/src/install/nut_controller' for CMake config files
[0.807s] Level 1:colcon.colcon_core.shell:create_environment_hook('nut_controller', 'cmake_prefix_path')
[0.808s] INFO:colcon.colcon_core.shell:Creating environment hook '/home/matt/workspace/Nut/src/install/nut_controller/share/nut_controller/hook/cmake_prefix_path.ps1'
[0.808s] INFO:colcon.colcon_core.shell:Creating environment descriptor '/home/matt/workspace/Nut/src/install/nut_controller/share/nut_controller/hook/cmake_prefix_path.dsv'
[0.809s] INFO:colcon.colcon_core.shell:Creating environment hook '/home/matt/workspace/Nut/src/install/nut_controller/share/nut_controller/hook/cmake_prefix_path.sh'
[0.809s] Level 1:colcon.colcon_core.environment:checking '/home/matt/workspace/Nut/src/install/nut_controller/bin'
[0.809s] Level 1:colcon.colcon_core.environment:checking '/home/matt/workspace/Nut/src/install/nut_controller/lib/pkgconfig/nut_controller.pc'
[0.809s] Level 1:colcon.colcon_core.environment:checking '/home/matt/workspace/Nut/src/install/nut_controller/lib/python3.10/site-packages'
[0.809s] Level 1:colcon.colcon_core.environment:checking '/home/matt/workspace/Nut/src/install/nut_controller/bin'
[0.811s] INFO:colcon.colcon_core.shell:Creating package script '/home/matt/workspace/Nut/src/install/nut_controller/share/nut_controller/package.ps1'
[0.811s] INFO:colcon.colcon_core.shell:Creating package descriptor '/home/matt/workspace/Nut/src/install/nut_controller/share/nut_controller/package.dsv'
[0.811s] INFO:colcon.colcon_core.shell:Creating package script '/home/matt/workspace/Nut/src/install/nut_controller/share/nut_controller/package.sh'
[0.812s] INFO:colcon.colcon_core.shell:Creating package script '/home/matt/workspace/Nut/src/install/nut_controller/share/nut_controller/package.bash'
[0.812s] INFO:colcon.colcon_core.shell:Creating package script '/home/matt/workspace/Nut/src/install/nut_controller/share/nut_controller/package.zsh'
[0.812s] Level 1:colcon.colcon_core.environment:create_file_with_runtime_dependencies(/home/matt/workspace/Nut/src/install/nut_controller/share/colcon-core/packages/nut_controller)
[0.813s] DEBUG:colcon.colcon_parallel_executor.executor.parallel:closing loop
[0.813s] DEBUG:colcon.colcon_parallel_executor.executor.parallel:loop closed
[0.813s] DEBUG:colcon.colcon_parallel_executor.executor.parallel:run_until_complete finished with '0'
[0.813s] DEBUG:colcon.colcon_core.event_reactor:joining thread
[0.818s] INFO:colcon.colcon_core.plugin_system:Skipping extension 'colcon_notification.desktop_notification.terminal_notifier': Not used on non-Darwin systems
[0.818s] INFO:colcon.colcon_core.plugin_system:Skipping extension 'colcon_notification.desktop_notification.win32': Not used on non-Windows systems
[0.818s] INFO:colcon.colcon_notification.desktop_notification:Sending desktop notification using 'notify2'
[0.828s] DEBUG:colcon.colcon_core.event_reactor:joined thread
[0.829s] INFO:colcon.colcon_core.shell:Creating prefix script '/home/matt/workspace/Nut/src/install/local_setup.ps1'
[0.830s] INFO:colcon.colcon_core.shell:Creating prefix util module '/home/matt/workspace/Nut/src/install/_local_setup_util_ps1.py'
[0.831s] INFO:colcon.colcon_core.shell:Creating prefix chain script '/home/matt/workspace/Nut/src/install/setup.ps1'
[0.833s] INFO:colcon.colcon_core.shell:Creating prefix script '/home/matt/workspace/Nut/src/install/local_setup.sh'
[0.834s] INFO:colcon.colcon_core.shell:Creating prefix util module '/home/matt/workspace/Nut/src/install/_local_setup_util_sh.py'
[0.834s] INFO:colcon.colcon_core.shell:Creating prefix chain script '/home/matt/workspace/Nut/src/install/setup.sh'
[0.836s] INFO:colcon.colcon_core.shell:Creating prefix script '/home/matt/workspace/Nut/src/install/local_setup.bash'
[0.837s] INFO:colcon.colcon_core.shell:Creating prefix chain script '/home/matt/workspace/Nut/src/install/setup.bash'
[0.839s] INFO:colcon.colcon_core.shell:Creating prefix script '/home/matt/workspace/Nut/src/install/local_setup.zsh'
[0.839s] INFO:colcon.colcon_core.shell:Creating prefix chain script '/home/matt/workspace/Nut/src/install/setup.zsh'
